<?xml version="1.0" encoding="UTF-8"?>
<!-- Generated by org.testng.reporters.JUnitXMLReporter -->
<testsuite ignored="0" hostname="LAPTOP-VTJS6APB" failures="0" tests="2" name="Testrunner1" time="183.93" errors="0" timestamp="2020-06-03T18:35:35 IST">
  <testcase classname="com.Vtiger.testScripts.CreateOrganistion" name="createorganationTest" time="24.997"/>
  <testcase classname="com.Vtiger.testScripts.CreatVendorTest" name="CreateVendor" time="14.734"/>
</testsuite> <!-- Testrunner1 -->
