<?xml version="1.0" encoding="UTF-8"?>
<!-- Generated by org.testng.reporters.JUnitXMLReporter -->
<testsuite ignored="0" hostname="LAPTOP-VTJS6APB" failures="0" tests="2" name="Testrunner2" time="90.892" errors="0" timestamp="2020-06-03T18:34:02 IST">
  <testcase classname="com.Vtiger.testScripts.CreateProduct" name="createproductTest" time="25.247"/>
  <testcase classname="com.Vtiger.testScripts.CreatPurchaseOrder" name="CreatePurchaseOrderTest" time="27.293"/>
</testsuite> <!-- Testrunner2 -->
