<?xml version="1.0" encoding="UTF-8"?>
<!-- Generated by org.testng.reporters.JUnitXMLReporter -->
<testsuite ignored="0" hostname="LAPTOP-VTJS6APB" failures="1" tests="1" name="Test" time="17.794" errors="0" timestamp="2020-06-05T16:36:16 IST">
  <testcase classname="com.Vtiger.testScripts.CreateOrganistion" name="createorganationTest" time="0.0">
    <failure type="org.testng.TestNGException" message="
Data Provider public java.lang.Object[][] com.Vtiger.testScripts.CreateOrganistion.giveData() returned a null value">
      <![CDATA[org.testng.TestNGException: 
Data Provider public java.lang.Object[][] com.Vtiger.testScripts.CreateOrganistion.giveData() returned a null value
at java.base/java.util.ArrayList.forEach(ArrayList.java:1507)
... Removed 24 stack frames]]>
    </failure>
  </testcase> <!-- createorganationTest -->
</testsuite> <!-- Test -->
