<?xml version="1.0" encoding="UTF-8"?>
<!-- Generated by org.testng.reporters.JUnitXMLReporter -->
<testsuite ignored="0" hostname="LAPTOP-VTJS6APB" failures="0" tests="10" name="Test" time="311.171" errors="0" timestamp="2020-06-13T09:52:07 IST">
  <testcase classname="com.Vtiger.testScripts.CreateVendorTest" name="cretaeVendrTest" time="14.66"/>
  <testcase classname="com.Vtiger.testScripts.CreateOrganizationTest" name="createOrgTest" time="16.165"/>
  <testcase classname="com.Vtiger.testScripts.CreateProductsTest" name="createProductTest" time="14.94"/>
  <testcase classname="com.Vtiger.testScripts.CreateLeadsTest" name="createLeadTest" time="13.07"/>
  <testcase classname="com.Vtiger.testScripts.CreateContactsTest" name="createContTest" time="16.363"/>
  <testcase classname="com.Vtiger.testScripts.CreateOpportunitiesTest" name="createOpportuninyTest" time="14.071"/>
  <testcase classname="com.Vtiger.testScripts.CreateQuotesTest" name="createQuoteTest" time="18.352"/>
  <testcase classname="com.Vtiger.testScripts.CreatePurchaseOrderTest" name="createPurchaseOrder" time="19.663"/>
  <testcase classname="com.Vtiger.testScripts.CreateInvoiceTest" name="createInvoiceTest" time="21.529"/>
  <testcase classname="com.Vtiger.testScripts.CreateSalesOrderTest" name="createSalesOrderTest" time="19.71"/>
</testsuite> <!-- Test -->
